<?xml version="1.0" encoding="UTF-8"?>
<testng-results skipped="0" failed="0" ignored="0" total="1" passed="1">
  <reporter-output>
  </reporter-output>
  <suite name="Default suite" duration-ms="39" started-at="2017-09-23T05:19:10Z" finished-at="2017-09-23T05:19:10Z">
    <groups>
    </groups>
    <test name="Default test" duration-ms="39" started-at="2017-09-23T05:19:10Z" finished-at="2017-09-23T05:19:10Z">
      <class name="org.testCases.com.GetUserDirDetails">
        <test-method status="PASS" signature="testCase01()[pri:0, instance:org.testCases.com.GetUserDirDetails@a12c19]" name="testCase01" duration-ms="13" started-at="2017-09-23T10:49:10Z" finished-at="2017-09-23T10:49:10Z">
          <reporter-output>
          </reporter-output>
        </test-method> <!-- testCase01 -->
      </class> <!-- org.testCases.com.GetUserDirDetails -->
    </test> <!-- Default test -->
  </suite> <!-- Default suite -->
</testng-results>
